{"/home/aswin/Music/my_folder/React_from_scratch/src/components/Body.js": {"path":"/home/aswin/Music/my_folder/React_from_scratch/src/components/Body.js","statementMap":{"0":{"start":{"line":9,"column":13},"end":{"line":113,"column":1}},"1":{"start":{"line":10,"column":38},"end":{"line":10,"column":50}},"2":{"start":{"line":11,"column":52},"end":{"line":11,"column":67}},"3":{"start":{"line":12,"column":40},"end":{"line":12,"column":63}},"4":{"start":{"line":13,"column":26},"end":{"line":13,"column":28}},"5":{"start":{"line":14,"column":34},"end":{"line":14,"column":36}},"6":{"start":{"line":16,"column":25},"end":{"line":16,"column":44}},"7":{"start":{"line":18,"column":33},"end":{"line":18,"column":66}},"8":{"start":{"line":20,"column":2},"end":{"line":26,"column":3}},"9":{"start":{"line":22,"column":6},"end":{"line":23,"column":21}},"10":{"start":{"line":24,"column":4},"end":{"line":24,"column":38}},"11":{"start":{"line":25,"column":4},"end":{"line":25,"column":46}},"12":{"start":{"line":28,"column":23},"end":{"line":28,"column":40}},"13":{"start":{"line":29,"column":2},"end":{"line":29,"column":55}},"14":{"start":{"line":29,"column":21},"end":{"line":29,"column":55}},"15":{"start":{"line":31,"column":2},"end":{"line":112,"column":4}},"16":{"start":{"line":39,"column":29},"end":{"line":39,"column":58}},"17":{"start":{"line":45,"column":42},"end":{"line":50,"column":15}},"18":{"start":{"line":47,"column":18},"end":{"line":49,"column":55}},"19":{"start":{"line":51,"column":14},"end":{"line":51,"column":41}},"20":{"start":{"line":52,"column":14},"end":{"line":54,"column":66}},"21":{"start":{"line":65,"column":31},"end":{"line":67,"column":15}},"22":{"start":{"line":66,"column":38},"end":{"line":66,"column":75}},"23":{"start":{"line":68,"column":14},"end":{"line":68,"column":43}},"24":{"start":{"line":78,"column":14},"end":{"line":78,"column":60}},"25":{"start":{"line":89,"column":29},"end":{"line":89,"column":56}},"26":{"start":{"line":98,"column":12},"end":{"line":107,"column":19}}},"fnMap":{"0":{"name":"(anonymous_0)","decl":{"start":{"line":9,"column":13},"end":{"line":9,"column":14}},"loc":{"start":{"line":9,"column":19},"end":{"line":113,"column":1}},"line":9},"1":{"name":"(anonymous_1)","decl":{"start":{"line":39,"column":22},"end":{"line":39,"column":23}},"loc":{"start":{"line":39,"column":29},"end":{"line":39,"column":58}},"line":39},"2":{"name":"(anonymous_2)","decl":{"start":{"line":44,"column":21},"end":{"line":44,"column":22}},"loc":{"start":{"line":44,"column":27},"end":{"line":55,"column":13}},"line":44},"3":{"name":"(anonymous_3)","decl":{"start":{"line":46,"column":16},"end":{"line":46,"column":17}},"loc":{"start":{"line":47,"column":18},"end":{"line":49,"column":55}},"line":47},"4":{"name":"(anonymous_4)","decl":{"start":{"line":64,"column":21},"end":{"line":64,"column":22}},"loc":{"start":{"line":64,"column":27},"end":{"line":69,"column":13}},"line":64},"5":{"name":"(anonymous_5)","decl":{"start":{"line":66,"column":16},"end":{"line":66,"column":17}},"loc":{"start":{"line":66,"column":38},"end":{"line":66,"column":75}},"line":66},"6":{"name":"(anonymous_6)","decl":{"start":{"line":77,"column":21},"end":{"line":77,"column":22}},"loc":{"start":{"line":77,"column":27},"end":{"line":79,"column":13}},"line":77},"7":{"name":"(anonymous_7)","decl":{"start":{"line":89,"column":22},"end":{"line":89,"column":23}},"loc":{"start":{"line":89,"column":29},"end":{"line":89,"column":56}},"line":89},"8":{"name":"(anonymous_8)","decl":{"start":{"line":97,"column":34},"end":{"line":97,"column":35}},"loc":{"start":{"line":98,"column":12},"end":{"line":107,"column":19}},"line":98}},"branchMap":{"0":{"loc":{"start":{"line":20,"column":2},"end":{"line":26,"column":3}},"type":"if","locations":[{"start":{"line":20,"column":2},"end":{"line":26,"column":3}},{"start":{},"end":{}}],"line":20},"1":{"loc":{"start":{"line":20,"column":6},"end":{"line":20,"column":43}},"type":"binary-expr","locations":[{"start":{"line":20,"column":6},"end":{"line":20,"column":20}},{"start":{"line":20,"column":24},"end":{"line":20,"column":43}}],"line":20},"2":{"loc":{"start":{"line":29,"column":2},"end":{"line":29,"column":55}},"type":"if","locations":[{"start":{"line":29,"column":2},"end":{"line":29,"column":55}},{"start":{},"end":{}}],"line":29},"3":{"loc":{"start":{"line":52,"column":14},"end":{"line":54,"column":65}},"type":"cond-expr","locations":[{"start":{"line":53,"column":19},"end":{"line":53,"column":58}},{"start":{"line":54,"column":19},"end":{"line":54,"column":64}}],"line":52},"4":{"loc":{"start":{"line":93,"column":7},"end":{"line":110,"column":7}},"type":"cond-expr","locations":[{"start":{"line":94,"column":8},"end":{"line":94,"column":19}},{"start":{"line":96,"column":8},"end":{"line":109,"column":14}}],"line":93},"5":{"loc":{"start":{"line":102,"column":15},"end":{"line":106,"column":15}},"type":"cond-expr","locations":[{"start":{"line":103,"column":16},"end":{"line":103,"column":63}},{"start":{"line":105,"column":16},"end":{"line":105,"column":55}}],"line":102}},"s":{"0":1,"1":3,"2":3,"3":3,"4":3,"5":3,"6":3,"7":3,"8":3,"9":2,"10":2,"11":2,"12":3,"13":3,"14":0,"15":3,"16":0,"17":1,"18":8,"19":1,"20":1,"21":0,"22":0,"23":0,"24":0,"25":0,"26":16},"f":{"0":3,"1":0,"2":1,"3":8,"4":0,"5":0,"6":0,"7":0,"8":16},"b":{"0":[2,1],"1":[3,2],"2":[0,3],"3":[1,0],"4":[1,2],"5":[2,14]},"_coverageSchema":"1a1c01bbd47fc00a2c39e90264f33305004495a9","hash":"13c43e065e267536d1bfab85af14f7b200000c37"}
,"/home/aswin/Music/my_folder/React_from_scratch/src/components/Cart.js": {"path":"/home/aswin/Music/my_folder/React_from_scratch/src/components/Cart.js","statementMap":{"0":{"start":{"line":5,"column":13},"end":{"line":26,"column":1}},"1":{"start":{"line":6,"column":20},"end":{"line":6,"column":60}},"2":{"start":{"line":6,"column":43},"end":{"line":6,"column":59}},"3":{"start":{"line":7,"column":19},"end":{"line":7,"column":32}},"4":{"start":{"line":8,"column":26},"end":{"line":10,"column":3}},"5":{"start":{"line":9,"column":4},"end":{"line":9,"column":26}},"6":{"start":{"line":11,"column":2},"end":{"line":25,"column":4}}},"fnMap":{"0":{"name":"(anonymous_0)","decl":{"start":{"line":5,"column":13},"end":{"line":5,"column":14}},"loc":{"start":{"line":5,"column":19},"end":{"line":26,"column":1}},"line":5},"1":{"name":"(anonymous_1)","decl":{"start":{"line":6,"column":32},"end":{"line":6,"column":33}},"loc":{"start":{"line":6,"column":43},"end":{"line":6,"column":59}},"line":6},"2":{"name":"(anonymous_2)","decl":{"start":{"line":8,"column":26},"end":{"line":8,"column":27}},"loc":{"start":{"line":8,"column":32},"end":{"line":10,"column":3}},"line":8}},"branchMap":{"0":{"loc":{"start":{"line":21,"column":9},"end":{"line":21,"column":57}},"type":"binary-expr","locations":[{"start":{"line":21,"column":9},"end":{"line":21,"column":31}},{"start":{"line":21,"column":35},"end":{"line":21,"column":57}}],"line":21}},"s":{"0":1,"1":4,"2":8,"3":4,"4":4,"5":1,"6":4},"f":{"0":4,"1":8,"2":1},"b":{"0":[4,2]},"_coverageSchema":"1a1c01bbd47fc00a2c39e90264f33305004495a9","hash":"ebe5bb99e66134df251675bb9882f9b8819d73ca"}
,"/home/aswin/Music/my_folder/React_from_scratch/src/components/Contact.js": {"path":"/home/aswin/Music/my_folder/React_from_scratch/src/components/Contact.js","statementMap":{"0":{"start":{"line":3,"column":16},"end":{"line":24,"column":1}},"1":{"start":{"line":4,"column":2},"end":{"line":23,"column":4}}},"fnMap":{"0":{"name":"(anonymous_0)","decl":{"start":{"line":3,"column":16},"end":{"line":3,"column":17}},"loc":{"start":{"line":3,"column":22},"end":{"line":24,"column":1}},"line":3}},"branchMap":{},"s":{"0":1,"1":3},"f":{"0":3},"b":{},"_coverageSchema":"1a1c01bbd47fc00a2c39e90264f33305004495a9","hash":"a56442f6b0032b7f9ab5baf5c94a34551fd7bbc8"}
,"/home/aswin/Music/my_folder/React_from_scratch/src/components/Header.js": {"path":"/home/aswin/Music/my_folder/React_from_scratch/src/components/Header.js","statementMap":{"0":{"start":{"line":10,"column":15},"end":{"line":62,"column":1}},"1":{"start":{"line":11,"column":32},"end":{"line":11,"column":49}},"2":{"start":{"line":12,"column":23},"end":{"line":12,"column":40}},"3":{"start":{"line":13,"column":27},"end":{"line":13,"column":50}},"4":{"start":{"line":16,"column":20},"end":{"line":16,"column":60}},"5":{"start":{"line":16,"column":43},"end":{"line":16,"column":59}},"6":{"start":{"line":19,"column":2},"end":{"line":61,"column":4}},"7":{"start":{"line":51,"column":14},"end":{"line":51,"column":78}}},"fnMap":{"0":{"name":"(anonymous_0)","decl":{"start":{"line":10,"column":15},"end":{"line":10,"column":16}},"loc":{"start":{"line":10,"column":21},"end":{"line":62,"column":1}},"line":10},"1":{"name":"(anonymous_1)","decl":{"start":{"line":16,"column":32},"end":{"line":16,"column":33}},"loc":{"start":{"line":16,"column":43},"end":{"line":16,"column":59}},"line":16},"2":{"name":"(anonymous_2)","decl":{"start":{"line":50,"column":21},"end":{"line":50,"column":22}},"loc":{"start":{"line":51,"column":14},"end":{"line":51,"column":78}},"line":51}},"branchMap":{"0":{"loc":{"start":{"line":30,"column":19},"end":{"line":30,"column":51}},"type":"cond-expr","locations":[{"start":{"line":30,"column":34},"end":{"line":30,"column":42}},{"start":{"line":30,"column":45},"end":{"line":30,"column":51}}],"line":30},"1":{"loc":{"start":{"line":51,"column":14},"end":{"line":51,"column":78}},"type":"cond-expr","locations":[{"start":{"line":51,"column":36},"end":{"line":51,"column":56}},{"start":{"line":51,"column":59},"end":{"line":51,"column":78}}],"line":51}},"s":{"0":2,"1":7,"2":7,"3":7,"4":7,"5":13,"6":7,"7":1},"f":{"0":7,"1":13,"2":1},"b":{"0":[7,0],"1":[1,0]},"_coverageSchema":"1a1c01bbd47fc00a2c39e90264f33305004495a9","hash":"a77e093f8f3fee280ab1bda1101061bf2079b226"}
,"/home/aswin/Music/my_folder/React_from_scratch/src/components/ItemList.js": {"path":"/home/aswin/Music/my_folder/React_from_scratch/src/components/ItemList.js","statementMap":{"0":{"start":{"line":5,"column":17},"end":{"line":63,"column":1}},"1":{"start":{"line":6,"column":19},"end":{"line":6,"column":32}},"2":{"start":{"line":7,"column":24},"end":{"line":9,"column":3}},"3":{"start":{"line":8,"column":4},"end":{"line":8,"column":28}},"4":{"start":{"line":11,"column":2},"end":{"line":62,"column":5}},"5":{"start":{"line":12,"column":4},"end":{"line":61,"column":10}},"6":{"start":{"line":53,"column":29},"end":{"line":53,"column":48}}},"fnMap":{"0":{"name":"(anonymous_0)","decl":{"start":{"line":5,"column":17},"end":{"line":5,"column":18}},"loc":{"start":{"line":5,"column":32},"end":{"line":63,"column":1}},"line":5},"1":{"name":"(anonymous_1)","decl":{"start":{"line":7,"column":24},"end":{"line":7,"column":25}},"loc":{"start":{"line":7,"column":34},"end":{"line":9,"column":3}},"line":7},"2":{"name":"(anonymous_2)","decl":{"start":{"line":11,"column":19},"end":{"line":11,"column":20}},"loc":{"start":{"line":12,"column":4},"end":{"line":61,"column":10}},"line":12},"3":{"name":"(anonymous_3)","decl":{"start":{"line":53,"column":23},"end":{"line":53,"column":24}},"loc":{"start":{"line":53,"column":29},"end":{"line":53,"column":48}},"line":53}},"branchMap":{"0":{"loc":{"start":{"line":20,"column":13},"end":{"line":24,"column":13}},"type":"cond-expr","locations":[{"start":{"line":21,"column":14},"end":{"line":21,"column":49}},{"start":{"line":23,"column":14},"end":{"line":23,"column":49}}],"line":20},"1":{"loc":{"start":{"line":32,"column":15},"end":{"line":34,"column":44}},"type":"binary-expr","locations":[{"start":{"line":32,"column":15},"end":{"line":32,"column":48}},{"start":{"line":33,"column":16},"end":{"line":33,"column":51}},{"start":{"line":34,"column":16},"end":{"line":34,"column":44}}],"line":32}},"s":{"0":1,"1":5,"2":5,"3":2,"4":5,"5":24,"6":2},"f":{"0":5,"1":2,"2":24,"3":2},"b":{"0":[24,0],"1":[24,24,24]},"_coverageSchema":"1a1c01bbd47fc00a2c39e90264f33305004495a9","hash":"b2deb8e123f9c6471b21773ca46f498e464ae916"}
,"/home/aswin/Music/my_folder/React_from_scratch/src/components/RestaurantCard.js": {"path":"/home/aswin/Music/my_folder/React_from_scratch/src/components/RestaurantCard.js","statementMap":{"0":{"start":{"line":4,"column":23},"end":{"line":41,"column":1}},"1":{"start":{"line":5,"column":22},"end":{"line":5,"column":27}},"2":{"start":{"line":8,"column":27},"end":{"line":8,"column":50}},"3":{"start":{"line":17,"column":6},"end":{"line":17,"column":18}},"4":{"start":{"line":19,"column":2},"end":{"line":40,"column":4}},"5":{"start":{"line":43,"column":33},"end":{"line":54,"column":1}},"6":{"start":{"line":44,"column":2},"end":{"line":53,"column":4}},"7":{"start":{"line":45,"column":4},"end":{"line":52,"column":6}}},"fnMap":{"0":{"name":"(anonymous_0)","decl":{"start":{"line":4,"column":23},"end":{"line":4,"column":24}},"loc":{"start":{"line":4,"column":34},"end":{"line":41,"column":1}},"line":4},"1":{"name":"(anonymous_1)","decl":{"start":{"line":43,"column":33},"end":{"line":43,"column":34}},"loc":{"start":{"line":43,"column":53},"end":{"line":54,"column":1}},"line":43},"2":{"name":"(anonymous_2)","decl":{"start":{"line":44,"column":9},"end":{"line":44,"column":10}},"loc":{"start":{"line":44,"column":20},"end":{"line":53,"column":3}},"line":44}},"branchMap":{"0":{"loc":{"start":{"line":25,"column":10},"end":{"line":28,"column":130}},"type":"cond-expr","locations":[{"start":{"line":26,"column":14},"end":{"line":27,"column":31}},{"start":{"line":28,"column":14},"end":{"line":28,"column":130}}],"line":25},"1":{"loc":{"start":{"line":31,"column":46},"end":{"line":31,"column":56}},"type":"binary-expr","locations":[{"start":{"line":31,"column":46},"end":{"line":31,"column":50}},{"start":{"line":31,"column":54},"end":{"line":31,"column":56}}],"line":31},"2":{"loc":{"start":{"line":32,"column":11},"end":{"line":32,"column":29}},"type":"binary-expr","locations":[{"start":{"line":32,"column":11},"end":{"line":32,"column":20}},{"start":{"line":32,"column":24},"end":{"line":32,"column":29}}],"line":32},"3":{"loc":{"start":{"line":37,"column":11},"end":{"line":37,"column":35}},"type":"binary-expr","locations":[{"start":{"line":37,"column":11},"end":{"line":37,"column":27}},{"start":{"line":37,"column":31},"end":{"line":37,"column":35}}],"line":37}},"s":{"0":2,"1":18,"2":18,"3":18,"4":18,"5":2,"6":4,"7":3},"f":{"0":18,"1":4,"2":3},"b":{"0":[18,0],"1":[18,0],"2":[18,0],"3":[18,0]},"_coverageSchema":"1a1c01bbd47fc00a2c39e90264f33305004495a9","hash":"c607d7c347971e76eaf0f6b35d852822c5867932"}
,"/home/aswin/Music/my_folder/React_from_scratch/src/components/RestaurantCategory.js": {"path":"/home/aswin/Music/my_folder/React_from_scratch/src/components/RestaurantCategory.js","statementMap":{"0":{"start":{"line":3,"column":27},"end":{"line":21,"column":1}},"1":{"start":{"line":4,"column":22},"end":{"line":4,"column":46}},"2":{"start":{"line":4,"column":28},"end":{"line":4,"column":46}},"3":{"start":{"line":5,"column":2},"end":{"line":20,"column":4}}},"fnMap":{"0":{"name":"(anonymous_0)","decl":{"start":{"line":3,"column":27},"end":{"line":3,"column":28}},"loc":{"start":{"line":3,"column":70},"end":{"line":21,"column":1}},"line":3},"1":{"name":"(anonymous_1)","decl":{"start":{"line":4,"column":22},"end":{"line":4,"column":23}},"loc":{"start":{"line":4,"column":28},"end":{"line":4,"column":46}},"line":4}},"branchMap":{"0":{"loc":{"start":{"line":15,"column":17},"end":{"line":15,"column":38}},"type":"cond-expr","locations":[{"start":{"line":15,"column":29},"end":{"line":15,"column":32}},{"start":{"line":15,"column":35},"end":{"line":15,"column":38}}],"line":15},"1":{"loc":{"start":{"line":17,"column":9},"end":{"line":17,"column":57}},"type":"binary-expr","locations":[{"start":{"line":17,"column":9},"end":{"line":17,"column":18}},{"start":{"line":17,"column":22},"end":{"line":17,"column":57}}],"line":17}},"s":{"0":1,"1":28,"2":1,"3":28},"f":{"0":28,"1":1},"b":{"0":[1,27],"1":[28,1]},"_coverageSchema":"1a1c01bbd47fc00a2c39e90264f33305004495a9","hash":"9d224cdd5276998ed8db13d752302c24f62b0fe2"}
,"/home/aswin/Music/my_folder/React_from_scratch/src/components/RestaurantMenu.js": {"path":"/home/aswin/Music/my_folder/React_from_scratch/src/components/RestaurantMenu.js","statementMap":{"0":{"start":{"line":7,"column":23},"end":{"line":48,"column":1}},"1":{"start":{"line":8,"column":20},"end":{"line":8,"column":31}},"2":{"start":{"line":9,"column":44},"end":{"line":9,"column":58}},"3":{"start":{"line":10,"column":18},"end":{"line":10,"column":42}},"4":{"start":{"line":12,"column":2},"end":{"line":12,"column":35}},"5":{"start":{"line":12,"column":16},"end":{"line":12,"column":35}},"6":{"start":{"line":14,"column":59},"end":{"line":15,"column":43}},"7":{"start":{"line":18,"column":4},"end":{"line":20,"column":79}},"8":{"start":{"line":23,"column":4},"end":{"line":27,"column":5}},"9":{"start":{"line":25,"column":8},"end":{"line":26,"column":70}},"10":{"start":{"line":29,"column":2},"end":{"line":47,"column":4}},"11":{"start":{"line":35,"column":8},"end":{"line":44,"column":10}},"12":{"start":{"line":40,"column":12},"end":{"line":42,"column":36}}},"fnMap":{"0":{"name":"(anonymous_0)","decl":{"start":{"line":7,"column":23},"end":{"line":7,"column":24}},"loc":{"start":{"line":7,"column":29},"end":{"line":48,"column":1}},"line":7},"1":{"name":"(anonymous_1)","decl":{"start":{"line":24,"column":6},"end":{"line":24,"column":7}},"loc":{"start":{"line":25,"column":8},"end":{"line":26,"column":70}},"line":25},"2":{"name":"(anonymous_2)","decl":{"start":{"line":34,"column":22},"end":{"line":34,"column":23}},"loc":{"start":{"line":35,"column":8},"end":{"line":44,"column":10}},"line":35},"3":{"name":"(anonymous_3)","decl":{"start":{"line":39,"column":28},"end":{"line":39,"column":29}},"loc":{"start":{"line":40,"column":12},"end":{"line":42,"column":36}},"line":40}},"branchMap":{"0":{"loc":{"start":{"line":12,"column":2},"end":{"line":12,"column":35}},"type":"if","locations":[{"start":{"line":12,"column":2},"end":{"line":12,"column":35}},{"start":{},"end":{}}],"line":12},"1":{"loc":{"start":{"line":14,"column":59},"end":{"line":15,"column":43}},"type":"binary-expr","locations":[{"start":{"line":14,"column":59},"end":{"line":15,"column":22}},{"start":{"line":15,"column":26},"end":{"line":15,"column":43}}],"line":14},"2":{"loc":{"start":{"line":18,"column":4},"end":{"line":20,"column":79}},"type":"binary-expr","locations":[{"start":{"line":18,"column":4},"end":{"line":19,"column":16}},{"start":{"line":20,"column":4},"end":{"line":20,"column":79}}],"line":18},"3":{"loc":{"start":{"line":38,"column":21},"end":{"line":38,"column":59}},"type":"cond-expr","locations":[{"start":{"line":38,"column":47},"end":{"line":38,"column":51}},{"start":{"line":38,"column":54},"end":{"line":38,"column":59}}],"line":38},"4":{"loc":{"start":{"line":40,"column":12},"end":{"line":42,"column":36}},"type":"cond-expr","locations":[{"start":{"line":41,"column":16},"end":{"line":41,"column":39}},{"start":{"line":42,"column":16},"end":{"line":42,"column":36}}],"line":40}},"s":{"0":1,"1":3,"2":3,"3":3,"4":3,"5":1,"6":2,"7":2,"8":2,"9":34,"10":2,"11":28,"12":1},"f":{"0":3,"1":34,"2":28,"3":1},"b":{"0":[1,2],"1":[2,0],"2":[2,0],"3":[1,27],"4":[1,0]},"_coverageSchema":"1a1c01bbd47fc00a2c39e90264f33305004495a9","hash":"48b968231c107f3fef676abb1816b73d73fd097a"}
,"/home/aswin/Music/my_folder/React_from_scratch/src/components/Shimmer.js": {"path":"/home/aswin/Music/my_folder/React_from_scratch/src/components/Shimmer.js","statementMap":{"0":{"start":{"line":1,"column":16},"end":{"line":18,"column":1}},"1":{"start":{"line":2,"column":2},"end":{"line":17,"column":4}}},"fnMap":{"0":{"name":"(anonymous_0)","decl":{"start":{"line":1,"column":16},"end":{"line":1,"column":17}},"loc":{"start":{"line":1,"column":22},"end":{"line":18,"column":1}},"line":1}},"branchMap":{},"s":{"0":2,"1":2},"f":{"0":2},"b":{},"_coverageSchema":"1a1c01bbd47fc00a2c39e90264f33305004495a9","hash":"f8af946b1a551200e8bc90c0a2f7102c59cb4756"}
,"/home/aswin/Music/my_folder/React_from_scratch/src/components/sum.js": {"path":"/home/aswin/Music/my_folder/React_from_scratch/src/components/sum.js","statementMap":{"0":{"start":{"line":1,"column":19},"end":{"line":3,"column":1}},"1":{"start":{"line":2,"column":2},"end":{"line":2,"column":15}}},"fnMap":{"0":{"name":"(anonymous_0)","decl":{"start":{"line":1,"column":19},"end":{"line":1,"column":20}},"loc":{"start":{"line":1,"column":29},"end":{"line":3,"column":1}},"line":1}},"branchMap":{},"s":{"0":1,"1":1},"f":{"0":1},"b":{},"_coverageSchema":"1a1c01bbd47fc00a2c39e90264f33305004495a9","hash":"e3cf45811b52d78d327cbb637ff23ade6be41340"}
,"/home/aswin/Music/my_folder/React_from_scratch/src/utils/UserContext.js": {"path":"/home/aswin/Music/my_folder/React_from_scratch/src/utils/UserContext.js","statementMap":{"0":{"start":{"line":3,"column":20},"end":{"line":5,"column":2}}},"fnMap":{},"branchMap":{},"s":{"0":4},"f":{},"b":{},"_coverageSchema":"1a1c01bbd47fc00a2c39e90264f33305004495a9","hash":"57d5f7e840409b2261dcd6aac35e027bcc4c720f"}
,"/home/aswin/Music/my_folder/React_from_scratch/src/utils/appStore.js": {"path":"/home/aswin/Music/my_folder/React_from_scratch/src/utils/appStore.js","statementMap":{"0":{"start":{"line":4,"column":17},"end":{"line":8,"column":2}}},"fnMap":{},"branchMap":{},"s":{"0":2},"f":{},"b":{},"_coverageSchema":"1a1c01bbd47fc00a2c39e90264f33305004495a9","hash":"7907ff92e0cc838344d2d75a56cf75c1e1b7a351"}
,"/home/aswin/Music/my_folder/React_from_scratch/src/utils/cartSlice.js": {"path":"/home/aswin/Music/my_folder/React_from_scratch/src/utils/cartSlice.js","statementMap":{"0":{"start":{"line":3,"column":18},"end":{"line":19,"column":2}},"1":{"start":{"line":10,"column":6},"end":{"line":10,"column":39}},"2":{"start":{"line":13,"column":6},"end":{"line":13,"column":24}},"3":{"start":{"line":16,"column":6},"end":{"line":16,"column":29}},"4":{"start":{"line":20,"column":50},"end":{"line":20,"column":67}}},"fnMap":{"0":{"name":"(anonymous_0)","decl":{"start":{"line":9,"column":13},"end":{"line":9,"column":14}},"loc":{"start":{"line":9,"column":32},"end":{"line":11,"column":5}},"line":9},"1":{"name":"(anonymous_1)","decl":{"start":{"line":12,"column":16},"end":{"line":12,"column":17}},"loc":{"start":{"line":12,"column":27},"end":{"line":14,"column":5}},"line":12},"2":{"name":"(anonymous_2)","decl":{"start":{"line":15,"column":15},"end":{"line":15,"column":16}},"loc":{"start":{"line":15,"column":26},"end":{"line":17,"column":5}},"line":15}},"branchMap":{},"s":{"0":2,"1":2,"2":0,"3":1,"4":2},"f":{"0":2,"1":0,"2":1},"b":{},"_coverageSchema":"1a1c01bbd47fc00a2c39e90264f33305004495a9","hash":"e0fe3c321461b3c4321fafc712d176e25b494e9d"}
,"/home/aswin/Music/my_folder/React_from_scratch/src/utils/constants.js": {"path":"/home/aswin/Music/my_folder/React_from_scratch/src/utils/constants.js","statementMap":{"0":{"start":{"line":1,"column":23},"end":{"line":1,"column":77}},"1":{"start":{"line":4,"column":2},"end":{"line":4,"column":74}},"2":{"start":{"line":7,"column":2},"end":{"line":7,"column":132}},"3":{"start":{"line":10,"column":2},"end":{"line":10,"column":120}}},"fnMap":{},"branchMap":{},"s":{"0":3,"1":3,"2":3,"3":3},"f":{},"b":{},"_coverageSchema":"1a1c01bbd47fc00a2c39e90264f33305004495a9","hash":"ced8542b6476e634cb1e7445fdd23b97c4314676"}
,"/home/aswin/Music/my_folder/React_from_scratch/src/utils/useOnlineStatus.js": {"path":"/home/aswin/Music/my_folder/React_from_scratch/src/utils/useOnlineStatus.js","statementMap":{"0":{"start":{"line":3,"column":24},"end":{"line":14,"column":1}},"1":{"start":{"line":4,"column":42},"end":{"line":4,"column":56}},"2":{"start":{"line":5,"column":2},"end":{"line":12,"column":9}},"3":{"start":{"line":6,"column":4},"end":{"line":8,"column":7}},"4":{"start":{"line":7,"column":6},"end":{"line":7,"column":29}},"5":{"start":{"line":9,"column":4},"end":{"line":11,"column":7}},"6":{"start":{"line":10,"column":6},"end":{"line":10,"column":28}},"7":{"start":{"line":13,"column":2},"end":{"line":13,"column":22}}},"fnMap":{"0":{"name":"(anonymous_0)","decl":{"start":{"line":3,"column":24},"end":{"line":3,"column":25}},"loc":{"start":{"line":3,"column":30},"end":{"line":14,"column":1}},"line":3},"1":{"name":"(anonymous_1)","decl":{"start":{"line":5,"column":12},"end":{"line":5,"column":13}},"loc":{"start":{"line":5,"column":18},"end":{"line":12,"column":3}},"line":5},"2":{"name":"(anonymous_2)","decl":{"start":{"line":6,"column":39},"end":{"line":6,"column":40}},"loc":{"start":{"line":6,"column":45},"end":{"line":8,"column":5}},"line":6},"3":{"name":"(anonymous_3)","decl":{"start":{"line":9,"column":38},"end":{"line":9,"column":39}},"loc":{"start":{"line":9,"column":44},"end":{"line":11,"column":5}},"line":9}},"branchMap":{},"s":{"0":3,"1":10,"2":10,"3":4,"4":0,"5":4,"6":0,"7":10},"f":{"0":10,"1":4,"2":0,"3":0},"b":{},"_coverageSchema":"1a1c01bbd47fc00a2c39e90264f33305004495a9","hash":"64ebcc231fcfa5f303a395cd912805d455342bf6"}
,"/home/aswin/Music/my_folder/React_from_scratch/src/utils/useRestaurantData.js": {"path":"/home/aswin/Music/my_folder/React_from_scratch/src/utils/useRestaurantData.js","statementMap":{"0":{"start":{"line":4,"column":26},"end":{"line":16,"column":1}},"1":{"start":{"line":5,"column":46},"end":{"line":5,"column":56}},"2":{"start":{"line":6,"column":2},"end":{"line":8,"column":9}},"3":{"start":{"line":7,"column":4},"end":{"line":7,"column":16}},"4":{"start":{"line":10,"column":20},"end":{"line":14,"column":3}},"5":{"start":{"line":11,"column":17},"end":{"line":11,"column":40}},"6":{"start":{"line":12,"column":17},"end":{"line":12,"column":34}},"7":{"start":{"line":13,"column":4},"end":{"line":13,"column":28}},"8":{"start":{"line":15,"column":2},"end":{"line":15,"column":24}}},"fnMap":{"0":{"name":"(anonymous_0)","decl":{"start":{"line":4,"column":26},"end":{"line":4,"column":27}},"loc":{"start":{"line":4,"column":32},"end":{"line":16,"column":1}},"line":4},"1":{"name":"(anonymous_1)","decl":{"start":{"line":6,"column":12},"end":{"line":6,"column":13}},"loc":{"start":{"line":6,"column":18},"end":{"line":8,"column":3}},"line":6},"2":{"name":"(anonymous_2)","decl":{"start":{"line":10,"column":20},"end":{"line":10,"column":21}},"loc":{"start":{"line":10,"column":32},"end":{"line":14,"column":3}},"line":10}},"branchMap":{},"s":{"0":1,"1":3,"2":3,"3":1,"4":3,"5":1,"6":1,"7":1,"8":3},"f":{"0":3,"1":1,"2":1},"b":{},"_coverageSchema":"1a1c01bbd47fc00a2c39e90264f33305004495a9","hash":"855ddbee1fd9b738331978a76f80eb7ad2c295e6"}
,"/home/aswin/Music/my_folder/React_from_scratch/src/utils/useRestaurantMenu.js": {"path":"/home/aswin/Music/my_folder/React_from_scratch/src/utils/useRestaurantMenu.js","statementMap":{"0":{"start":{"line":4,"column":26},"end":{"line":16,"column":1}},"1":{"start":{"line":5,"column":2},"end":{"line":7,"column":9}},"2":{"start":{"line":6,"column":4},"end":{"line":6,"column":16}},"3":{"start":{"line":9,"column":32},"end":{"line":9,"column":46}},"4":{"start":{"line":10,"column":20},"end":{"line":14,"column":3}},"5":{"start":{"line":11,"column":17},"end":{"line":11,"column":53}},"6":{"start":{"line":12,"column":17},"end":{"line":12,"column":34}},"7":{"start":{"line":13,"column":4},"end":{"line":13,"column":26}},"8":{"start":{"line":15,"column":2},"end":{"line":15,"column":17}}},"fnMap":{"0":{"name":"(anonymous_0)","decl":{"start":{"line":4,"column":26},"end":{"line":4,"column":27}},"loc":{"start":{"line":4,"column":37},"end":{"line":16,"column":1}},"line":4},"1":{"name":"(anonymous_1)","decl":{"start":{"line":5,"column":12},"end":{"line":5,"column":13}},"loc":{"start":{"line":5,"column":18},"end":{"line":7,"column":3}},"line":5},"2":{"name":"(anonymous_2)","decl":{"start":{"line":10,"column":20},"end":{"line":10,"column":21}},"loc":{"start":{"line":10,"column":32},"end":{"line":14,"column":3}},"line":10}},"branchMap":{},"s":{"0":1,"1":3,"2":1,"3":3,"4":3,"5":1,"6":1,"7":1,"8":3},"f":{"0":3,"1":1,"2":1},"b":{},"_coverageSchema":"1a1c01bbd47fc00a2c39e90264f33305004495a9","hash":"a65c0d70ae0e839db47936217349647ac7fcd9ef"}
}
