TN:
SF:src/components/Body.js
FN:9,(anonymous_0)
FN:39,(anonymous_1)
FN:44,(anonymous_2)
FN:46,(anonymous_3)
FN:64,(anonymous_4)
FN:66,(anonymous_5)
FN:77,(anonymous_6)
FN:89,(anonymous_7)
FN:97,(anonymous_8)
FNF:9
FNH:4
FNDA:3,(anonymous_0)
FNDA:0,(anonymous_1)
FNDA:1,(anonymous_2)
FNDA:8,(anonymous_3)
FNDA:0,(anonymous_4)
FNDA:0,(anonymous_5)
FNDA:0,(anonymous_6)
FNDA:0,(anonymous_7)
FNDA:16,(anonymous_8)
DA:9,1
DA:10,3
DA:11,3
DA:12,3
DA:13,3
DA:14,3
DA:16,3
DA:18,3
DA:20,3
DA:22,2
DA:24,2
DA:25,2
DA:28,3
DA:29,3
DA:31,3
DA:39,0
DA:45,1
DA:47,8
DA:51,1
DA:52,1
DA:65,0
DA:66,0
DA:68,0
DA:78,0
DA:89,0
DA:98,16
LF:26
LH:20
BRDA:20,0,0,2
BRDA:20,0,1,1
BRDA:20,1,0,3
BRDA:20,1,1,2
BRDA:29,2,0,0
BRDA:29,2,1,3
BRDA:52,3,0,1
BRDA:52,3,1,0
BRDA:93,4,0,1
BRDA:93,4,1,2
BRDA:102,5,0,2
BRDA:102,5,1,14
BRF:12
BRH:10
end_of_record
TN:
SF:src/components/Cart.js
FN:5,(anonymous_0)
FN:6,(anonymous_1)
FN:8,(anonymous_2)
FNF:3
FNH:3
FNDA:4,(anonymous_0)
FNDA:8,(anonymous_1)
FNDA:1,(anonymous_2)
DA:5,1
DA:6,8
DA:7,4
DA:8,4
DA:9,1
DA:11,4
LF:6
LH:6
BRDA:21,0,0,4
BRDA:21,0,1,2
BRF:2
BRH:2
end_of_record
TN:
SF:src/components/Contact.js
FN:3,(anonymous_0)
FNF:1
FNH:1
FNDA:3,(anonymous_0)
DA:3,1
DA:4,3
LF:2
LH:2
BRF:0
BRH:0
end_of_record
TN:
SF:src/components/Header.js
FN:10,(anonymous_0)
FN:16,(anonymous_1)
FN:50,(anonymous_2)
FNF:3
FNH:3
FNDA:7,(anonymous_0)
FNDA:13,(anonymous_1)
FNDA:1,(anonymous_2)
DA:10,2
DA:11,7
DA:12,7
DA:13,7
DA:16,13
DA:19,7
DA:51,1
LF:7
LH:7
BRDA:30,0,0,7
BRDA:30,0,1,0
BRDA:51,1,0,1
BRDA:51,1,1,0
BRF:4
BRH:2
end_of_record
TN:
SF:src/components/ItemList.js
FN:5,(anonymous_0)
FN:7,(anonymous_1)
FN:11,(anonymous_2)
FN:53,(anonymous_3)
FNF:4
FNH:4
FNDA:5,(anonymous_0)
FNDA:2,(anonymous_1)
FNDA:24,(anonymous_2)
FNDA:2,(anonymous_3)
DA:5,1
DA:6,5
DA:7,5
DA:8,2
DA:11,5
DA:12,24
DA:53,2
LF:7
LH:7
BRDA:20,0,0,24
BRDA:20,0,1,0
BRDA:32,1,0,24
BRDA:32,1,1,24
BRDA:32,1,2,24
BRF:5
BRH:4
end_of_record
TN:
SF:src/components/RestaurantCard.js
FN:4,(anonymous_0)
FN:43,(anonymous_1)
FN:44,(anonymous_2)
FNF:3
FNH:3
FNDA:18,(anonymous_0)
FNDA:4,(anonymous_1)
FNDA:3,(anonymous_2)
DA:4,2
DA:5,18
DA:8,18
DA:17,18
DA:19,18
DA:43,2
DA:44,4
DA:45,3
LF:8
LH:8
BRDA:25,0,0,18
BRDA:25,0,1,0
BRDA:31,1,0,18
BRDA:31,1,1,0
BRDA:32,2,0,18
BRDA:32,2,1,0
BRDA:37,3,0,18
BRDA:37,3,1,0
BRF:8
BRH:4
end_of_record
TN:
SF:src/components/RestaurantCategory.js
FN:3,(anonymous_0)
FN:4,(anonymous_1)
FNF:2
FNH:2
FNDA:28,(anonymous_0)
FNDA:1,(anonymous_1)
DA:3,1
DA:4,28
DA:5,28
LF:3
LH:3
BRDA:15,0,0,1
BRDA:15,0,1,27
BRDA:17,1,0,28
BRDA:17,1,1,1
BRF:4
BRH:4
end_of_record
TN:
SF:src/components/RestaurantMenu.js
FN:7,(anonymous_0)
FN:24,(anonymous_1)
FN:34,(anonymous_2)
FN:39,(anonymous_3)
FNF:4
FNH:4
FNDA:3,(anonymous_0)
FNDA:34,(anonymous_1)
FNDA:28,(anonymous_2)
FNDA:1,(anonymous_3)
DA:7,1
DA:8,3
DA:9,3
DA:10,3
DA:12,3
DA:14,2
DA:18,2
DA:23,2
DA:25,34
DA:29,2
DA:35,28
DA:40,1
LF:12
LH:12
BRDA:12,0,0,1
BRDA:12,0,1,2
BRDA:14,1,0,2
BRDA:14,1,1,0
BRDA:18,2,0,2
BRDA:18,2,1,0
BRDA:38,3,0,1
BRDA:38,3,1,27
BRDA:40,4,0,1
BRDA:40,4,1,0
BRF:10
BRH:7
end_of_record
TN:
SF:src/components/Shimmer.js
FN:1,(anonymous_0)
FNF:1
FNH:1
FNDA:2,(anonymous_0)
DA:1,2
DA:2,2
LF:2
LH:2
BRF:0
BRH:0
end_of_record
TN:
SF:src/components/sum.js
FN:1,(anonymous_0)
FNF:1
FNH:1
FNDA:1,(anonymous_0)
DA:1,1
DA:2,1
LF:2
LH:2
BRF:0
BRH:0
end_of_record
TN:
SF:src/utils/UserContext.js
FNF:0
FNH:0
DA:3,4
LF:1
LH:1
BRF:0
BRH:0
end_of_record
TN:
SF:src/utils/appStore.js
FNF:0
FNH:0
DA:4,2
LF:1
LH:1
BRF:0
BRH:0
end_of_record
TN:
SF:src/utils/cartSlice.js
FN:9,(anonymous_0)
FN:12,(anonymous_1)
FN:15,(anonymous_2)
FNF:3
FNH:2
FNDA:2,(anonymous_0)
FNDA:0,(anonymous_1)
FNDA:1,(anonymous_2)
DA:3,2
DA:10,2
DA:13,0
DA:16,1
DA:20,2
LF:5
LH:4
BRF:0
BRH:0
end_of_record
TN:
SF:src/utils/constants.js
FNF:0
FNH:0
DA:1,3
DA:4,3
DA:7,3
DA:10,3
LF:4
LH:4
BRF:0
BRH:0
end_of_record
TN:
SF:src/utils/useOnlineStatus.js
FN:3,(anonymous_0)
FN:5,(anonymous_1)
FN:6,(anonymous_2)
FN:9,(anonymous_3)
FNF:4
FNH:2
FNDA:10,(anonymous_0)
FNDA:4,(anonymous_1)
FNDA:0,(anonymous_2)
FNDA:0,(anonymous_3)
DA:3,3
DA:4,10
DA:5,10
DA:6,4
DA:7,0
DA:9,4
DA:10,0
DA:13,10
LF:8
LH:6
BRF:0
BRH:0
end_of_record
TN:
SF:src/utils/useRestaurantData.js
FN:4,(anonymous_0)
FN:6,(anonymous_1)
FN:10,(anonymous_2)
FNF:3
FNH:3
FNDA:3,(anonymous_0)
FNDA:1,(anonymous_1)
FNDA:1,(anonymous_2)
DA:4,1
DA:5,3
DA:6,3
DA:7,1
DA:10,3
DA:11,1
DA:12,1
DA:13,1
DA:15,3
LF:9
LH:9
BRF:0
BRH:0
end_of_record
TN:
SF:src/utils/useRestaurantMenu.js
FN:4,(anonymous_0)
FN:5,(anonymous_1)
FN:10,(anonymous_2)
FNF:3
FNH:3
FNDA:3,(anonymous_0)
FNDA:1,(anonymous_1)
FNDA:1,(anonymous_2)
DA:4,1
DA:5,3
DA:6,1
DA:9,3
DA:10,3
DA:11,1
DA:12,1
DA:13,1
DA:15,3
LF:9
LH:9
BRF:0
BRH:0
end_of_record
